# JRE version: Java(TM) SE Runtime Environment (8.0_151-b12) (build 1.8.0_151-b12)
# Java VM: Java HotSpot(TM) 64-Bit Server VM (25.151-b12 mixed mode linux-amd64 compressed oops)
Heap:
 PSYoungGen      total 1631232K, used 576070K [0x000000072ab00000, 0x00000007c0000000, 0x00000007c0000000)
  eden space 816128K, 0% used [0x000000072ab00000,0x000000072ab00000,0x000000075c800000)
  from space 815104K, 70% used [0x000000075c800000,0x000000077fa91978,0x000000078e400000)
  to   space 815104K, 0% used [0x000000078e400000,0x000000078e400000,0x00000007c0000000)
 ParOldGen       total 3052032K, used 3042971K [0x0000000600000000, 0x00000006ba480000, 0x000000072ab00000)
  object space 3052032K, 99% used [0x0000000600000000,0x00000006b9ba6d38,0x00000006ba480000)
 Metaspace       used 6523K, capacity 6786K, committed 7040K, reserved 1056768K
  class space    used 698K, capacity 773K, committed 896K, reserved 1048576K
GC Heap History (10 events):
Event: 105.379 GC heap after
Heap after GC invocations=162 (full 9):
 PSYoungGen      total 1508864K, used 726393K [0x000000072ab00000, 0x00000007bc180000, 0x00000007c0000000)
  eden space 693760K, 0% used [0x000000072ab00000,0x000000072ab00000,0x0000000755080000)
  from space 815104K, 89% used [0x0000000755080000,0x00000007815de5b8,0x0000000786c80000)
  to   space 815104K, 0% used [0x000000078a580000,0x000000078a580000,0x00000007bc180000)
 ParOldGen       total 3052032K, used 2568536K [0x0000000600000000, 0x00000006ba480000, 0x000000072ab00000)
  object space 3052032K, 84% used [0x0000000600000000,0x000000069cc560c8,0x00000006ba480000)
 Metaspace       used 6523K, capacity 6786K, committed 7040K, reserved 1056768K
  class space    used 698K, capacity 773K, committed 896K, reserved 1048576K
}
Event: 107.398 GC heap before
{Heap before GC invocations=163 (full 9):
 PSYoungGen      total 1508864K, used 1420153K [0x000000072ab00000, 0x00000007bc180000, 0x00000007c0000000)
  eden space 693760K, 100% used [0x000000072ab00000,0x0000000755080000,0x0000000755080000)
  from space 815104K, 89% used [0x0000000755080000,0x00000007815de5b8,0x0000000786c80000)
  to   space 815104K, 0% used [0x000000078a580000,0x000000078a580000,0x00000007bc180000)
 ParOldGen       total 3052032K, used 2568536K [0x0000000600000000, 0x00000006ba480000, 0x000000072ab00000)
  object space 3052032K, 84% used [0x0000000600000000,0x000000069cc560c8,0x00000006ba480000)
 Metaspace       used 6523K, capacity 6786K, committed 7040K, reserved 1056768K
  class space    used 698K, capacity 773K, committed 896K, reserved 1048576K
Event: 107.808 GC heap after
Heap after GC invocations=163 (full 9):
 PSYoungGen      total 1567232K, used 712806K [0x000000072ab00000, 0x00000007bcf80000, 0x00000007c0000000)
  eden space 752128K, 0% used [0x000000072ab00000,0x000000072ab00000,0x0000000758980000)
  from space 815104K, 87% used [0x000000078a580000,0x00000007b5d99968,0x00000007bc180000)
  to   space 815104K, 0% used [0x0000000758980000,0x0000000758980000,0x000000078a580000)
 ParOldGen       total 3052032K, used 2652567K [0x0000000600000000, 0x00000006ba480000, 0x000000072ab00000)
  object space 3052032K, 86% used [0x0000000600000000,0x00000006a1e65d88,0x00000006ba480000)
 Metaspace       used 6523K, capacity 6786K, committed 7040K, reserved 1056768K
  class space    used 698K, capacity 773K, committed 896K, reserved 1048576K
}
Event: 110.287 GC heap before
{Heap before GC invocations=164 (full 9):
 PSYoungGen      total 1567232K, used 1464934K [0x000000072ab00000, 0x00000007bcf80000, 0x00000007c0000000)
  eden space 752128K, 100% used [0x000000072ab00000,0x0000000758980000,0x0000000758980000)
  from space 815104K, 87% used [0x000000078a580000,0x00000007b5d99968,0x00000007bc180000)
  to   space 815104K, 0% used [0x0000000758980000,0x0000000758980000,0x000000078a580000)
 ParOldGen       total 3052032K, used 2652567K [0x0000000600000000, 0x00000006ba480000, 0x000000072ab00000)
  object space 3052032K, 86% used [0x0000000600000000,0x00000006a1e65d88,0x00000006ba480000)
 Metaspace       used 6523K, capacity 6786K, committed 7040K, reserved 1056768K
  class space    used 698K, capacity 773K, committed 896K, reserved 1048576K
Event: 110.517 GC heap after
Heap after GC invocations=164 (full 9):
 PSYoungGen      total 1567232K, used 734772K [0x000000072ab00000, 0x00000007c0000000, 0x00000007c0000000)
  eden space 752128K, 0% used [0x000000072ab00000,0x000000072ab00000,0x0000000758980000)
  from space 815104K, 90% used [0x0000000758980000,0x000000078570d378,0x000000078a580000)
  to   space 815104K, 0% used [0x000000078e400000,0x000000078e400000,0x00000007c0000000)
 ParOldGen       total 3052032K, used 2739796K [0x0000000600000000, 0x00000006ba480000, 0x000000072ab00000)
  object space 3052032K, 89% used [0x0000000600000000,0x00000006a7395250,0x00000006ba480000)
 Metaspace       used 6523K, capacity 6786K, committed 7040K, reserved 1056768K
  class space    used 698K, capacity 773K, committed 896K, reserved 1048576K
}
Event: 112.687 GC heap before
{Heap before GC invocations=165 (full 9):
 PSYoungGen      total 1567232K, used 1486900K [0x000000072ab00000, 0x00000007c0000000, 0x00000007c0000000)
  eden space 752128K, 100% used [0x000000072ab00000,0x0000000758980000,0x0000000758980000)
  from space 815104K, 90% used [0x0000000758980000,0x000000078570d378,0x000000078a580000)
  to   space 815104K, 0% used [0x000000078e400000,0x000000078e400000,0x00000007c0000000)
 ParOldGen       total 3052032K, used 2739796K [0x0000000600000000, 0x00000006ba480000, 0x000000072ab00000)
  object space 3052032K, 89% used [0x0000000600000000,0x00000006a7395250,0x00000006ba480000)
 Metaspace       used 6523K, capacity 6786K, committed 7040K, reserved 1056768K
  class space    used 698K, capacity 773K, committed 896K, reserved 1048576K
Event: 113.914 GC heap after
Heap after GC invocations=165 (full 9):
 PSYoungGen      total 1631232K, used 730138K [0x000000072ab00000, 0x00000007c0000000, 0x00000007c0000000)
  eden space 816128K, 0% used [0x000000072ab00000,0x000000072ab00000,0x000000075c800000)
  from space 815104K, 89% used [0x000000078e400000,0x00000007bad06b98,0x00000007c0000000)
  to   space 815104K, 0% used [0x000000075c800000,0x000000075c800000,0x000000078e400000)
 ParOldGen       total 3052032K, used 2827003K [0x0000000600000000, 0x00000006ba480000, 0x000000072ab00000)
  object space 3052032K, 92% used [0x0000000600000000,0x00000006ac8bef30,0x00000006ba480000)
 Metaspace       used 6523K, capacity 6786K, committed 7040K, reserved 1056768K
  class space    used 698K, capacity 773K, committed 896K, reserved 1048576K
}
Event: 116.219 GC heap before
{Heap before GC invocations=166 (full 9):
 PSYoungGen      total 1631232K, used 1546266K [0x000000072ab00000, 0x00000007c0000000, 0x00000007c0000000)
  eden space 816128K, 100% used [0x000000072ab00000,0x000000075c800000,0x000000075c800000)
  from space 815104K, 89% used [0x000000078e400000,0x00000007bad06b98,0x00000007c0000000)
  to   space 815104K, 0% used [0x000000075c800000,0x000000075c800000,0x000000078e400000)
 ParOldGen       total 3052032K, used 2827003K [0x0000000600000000, 0x00000006ba480000, 0x000000072ab00000)
  object space 3052032K, 92% used [0x0000000600000000,0x00000006ac8bef30,0x00000006ba480000)
 Metaspace       used 6523K, capacity 6786K, committed 7040K, reserved 1056768K
  class space    used 698K, capacity 773K, committed 896K, reserved 1048576K
Event: 116.392 GC heap after
Heap after GC invocations=166 (full 9):
 PSYoungGen      total 1631232K, used 685924K [0x000000072ab00000, 0x00000007c0000000, 0x00000007c0000000)
  eden space 816128K, 0% used [0x000000072ab00000,0x000000072ab00000,0x000000075c800000)
  from space 815104K, 84% used [0x000000075c800000,0x00000007865d9020,0x000000078e400000)
  to   space 815104K, 0% used [0x000000078e400000,0x000000078e400000,0x00000007c0000000)
 ParOldGen       total 3052032K, used 2934668K [0x0000000600000000, 0x00000006ba480000, 0x000000072ab00000)
  object space 3052032K, 96% used [0x0000000600000000,0x00000006b31e30a0,0x00000006ba480000)
 Metaspace       used 6523K, capacity 6786K, committed 7040K, reserved 1056768K
  class space    used 698K, capacity 773K, committed 896K, reserved 1048576K
}
Event: 116.392 GC heap before
{Heap before GC invocations=167 (full 10):
 PSYoungGen      total 1631232K, used 685924K [0x000000072ab00000, 0x00000007c0000000, 0x00000007c0000000)
  eden space 816128K, 0% used [0x000000072ab00000,0x000000072ab00000,0x000000075c800000)
  from space 815104K, 84% used [0x000000075c800000,0x00000007865d9020,0x000000078e400000)
  to   space 815104K, 0% used [0x000000078e400000,0x000000078e400000,0x00000007c0000000)
 ParOldGen       total 3052032K, used 2934668K [0x0000000600000000, 0x00000006ba480000, 0x000000072ab00000)
  object space 3052032K, 96% used [0x0000000600000000,0x00000006b31e30a0,0x00000006ba480000)
 Metaspace       used 6523K, capacity 6786K, committed 7040K, reserved 1056768K
  class space    used 698K, capacity 773K, committed 896K, reserved 1048576K

