# JRE version: Java(TM) SE Runtime Environment (8.0_151-b12) (build 1.8.0_151-b12)
# Java VM: Java HotSpot(TM) 64-Bit Server VM (25.151-b12 mixed mode linux-amd64 compressed oops)
Heap:
 PSYoungGen      total 1631232K, used 616469K [0x000000072ab00000, 0x00000007c0000000, 0x00000007c0000000)
  eden space 816128K, 0% used [0x000000072ab00000,0x000000072ab00000,0x000000075c800000)
  from space 815104K, 75% used [0x000000075c800000,0x0000000782205640,0x000000078e400000)
  to   space 815104K, 0% used [0x000000078e400000,0x000000078e400000,0x00000007c0000000)
 ParOldGen       total 3040256K, used 3036203K [0x0000000600000000, 0x00000006b9900000, 0x000000072ab00000)
  object space 3040256K, 99% used [0x0000000600000000,0x00000006b950adf8,0x00000006b9900000)
 Metaspace       used 6513K, capacity 6734K, committed 7040K, reserved 1056768K
  class space    used 698K, capacity 773K, committed 896K, reserved 1048576K
GC Heap History (10 events):
Event: 109.553 GC heap after
Heap after GC invocations=164 (full 9):
 PSYoungGen      total 1558528K, used 724857K [0x000000072ab00000, 0x00000007bf100000, 0x00000007c0000000)
  eden space 743424K, 0% used [0x000000072ab00000,0x000000072ab00000,0x0000000758100000)
  from space 815104K, 88% used [0x0000000758100000,0x00000007844de508,0x0000000789d00000)
  to   space 815104K, 0% used [0x000000078d500000,0x000000078d500000,0x00000007bf100000)
 ParOldGen       total 3040256K, used 2605667K [0x0000000600000000, 0x00000006b9900000, 0x000000072ab00000)
  object space 3040256K, 85% used [0x0000000600000000,0x000000069f098de8,0x00000006b9900000)
 Metaspace       used 6513K, capacity 6734K, committed 7040K, reserved 1056768K
  class space    used 698K, capacity 773K, committed 896K, reserved 1048576K
}
Event: 111.736 GC heap before
{Heap before GC invocations=165 (full 9):
 PSYoungGen      total 1558528K, used 1468281K [0x000000072ab00000, 0x00000007bf100000, 0x00000007c0000000)
  eden space 743424K, 100% used [0x000000072ab00000,0x0000000758100000,0x0000000758100000)
  from space 815104K, 88% used [0x0000000758100000,0x00000007844de508,0x0000000789d00000)
  to   space 815104K, 0% used [0x000000078d500000,0x000000078d500000,0x00000007bf100000)
 ParOldGen       total 3040256K, used 2605667K [0x0000000600000000, 0x00000006b9900000, 0x000000072ab00000)
  object space 3040256K, 85% used [0x0000000600000000,0x000000069f098de8,0x00000006b9900000)
 Metaspace       used 6513K, capacity 6734K, committed 7040K, reserved 1056768K
  class space    used 698K, capacity 773K, committed 896K, reserved 1048576K
Event: 111.889 GC heap after
Heap after GC invocations=165 (full 9):
 PSYoungGen      total 1615872K, used 705577K [0x000000072ab00000, 0x00000007bf400000, 0x00000007c0000000)
  eden space 800768K, 0% used [0x000000072ab00000,0x000000072ab00000,0x000000075b900000)
  from space 815104K, 86% used [0x000000078d500000,0x00000007b860a498,0x00000007bf100000)
  to   space 815104K, 0% used [0x000000075b900000,0x000000075b900000,0x000000078d500000)
 ParOldGen       total 3040256K, used 2694185K [0x0000000600000000, 0x00000006b9900000, 0x000000072ab00000)
  object space 3040256K, 88% used [0x0000000600000000,0x00000006a470a488,0x00000006b9900000)
 Metaspace       used 6513K, capacity 6734K, committed 7040K, reserved 1056768K
  class space    used 698K, capacity 773K, committed 896K, reserved 1048576K
}
Event: 114.586 GC heap before
{Heap before GC invocations=166 (full 9):
 PSYoungGen      total 1615872K, used 1506345K [0x000000072ab00000, 0x00000007bf400000, 0x00000007c0000000)
  eden space 800768K, 100% used [0x000000072ab00000,0x000000075b900000,0x000000075b900000)
  from space 815104K, 86% used [0x000000078d500000,0x00000007b860a498,0x00000007bf100000)
  to   space 815104K, 0% used [0x000000075b900000,0x000000075b900000,0x000000078d500000)
 ParOldGen       total 3040256K, used 2694185K [0x0000000600000000, 0x00000006b9900000, 0x000000072ab00000)
  object space 3040256K, 88% used [0x0000000600000000,0x00000006a470a488,0x00000006b9900000)
 Metaspace       used 6513K, capacity 6734K, committed 7040K, reserved 1056768K
  class space    used 698K, capacity 773K, committed 896K, reserved 1048576K
Event: 114.690 GC heap after
Heap after GC invocations=166 (full 9):
 PSYoungGen      total 1615872K, used 715640K [0x000000072ab00000, 0x00000007c0000000, 0x00000007c0000000)
  eden space 800768K, 0% used [0x000000072ab00000,0x000000072ab00000,0x000000075b900000)
  from space 815104K, 87% used [0x000000075b900000,0x00000007873de188,0x000000078d500000)
  to   space 815104K, 0% used [0x000000078e400000,0x000000078e400000,0x00000007c0000000)
 ParOldGen       total 3040256K, used 2781410K [0x0000000600000000, 0x00000006b9900000, 0x000000072ab00000)
  object space 3040256K, 91% used [0x0000000600000000,0x00000006a9c38850,0x00000006b9900000)
 Metaspace       used 6513K, capacity 6734K, committed 7040K, reserved 1056768K
  class space    used 698K, capacity 773K, committed 896K, reserved 1048576K
}
Event: 117.208 GC heap before
{Heap before GC invocations=167 (full 9):
 PSYoungGen      total 1615872K, used 1516408K [0x000000072ab00000, 0x00000007c0000000, 0x00000007c0000000)
  eden space 800768K, 100% used [0x000000072ab00000,0x000000075b900000,0x000000075b900000)
  from space 815104K, 87% used [0x000000075b900000,0x00000007873de188,0x000000078d500000)
  to   space 815104K, 0% used [0x000000078e400000,0x000000078e400000,0x00000007c0000000)
 ParOldGen       total 3040256K, used 2781410K [0x0000000600000000, 0x00000006b9900000, 0x000000072ab00000)
  object space 3040256K, 91% used [0x0000000600000000,0x00000006a9c38850,0x00000006b9900000)
 Metaspace       used 6513K, capacity 6734K, committed 7040K, reserved 1056768K
  class space    used 698K, capacity 773K, committed 896K, reserved 1048576K
Event: 117.369 GC heap after
Heap after GC invocations=167 (full 9):
 PSYoungGen      total 1631232K, used 718402K [0x000000072ab00000, 0x00000007c0000000, 0x00000007c0000000)
  eden space 816128K, 0% used [0x000000072ab00000,0x000000072ab00000,0x000000075c800000)
  from space 815104K, 88% used [0x000000078e400000,0x00000007ba190948,0x00000007c0000000)
  to   space 815104K, 0% used [0x000000075c800000,0x000000075c800000,0x000000078e400000)
 ParOldGen       total 3040256K, used 2869151K [0x0000000600000000, 0x00000006b9900000, 0x000000072ab00000)
  object space 3040256K, 94% used [0x0000000600000000,0x00000006af1e7f30,0x00000006b9900000)
 Metaspace       used 6513K, capacity 6734K, committed 7040K, reserved 1056768K
  class space    used 698K, capacity 773K, committed 896K, reserved 1048576K
}
Event: 119.606 GC heap before
{Heap before GC invocations=168 (full 9):
 PSYoungGen      total 1631232K, used 1534530K [0x000000072ab00000, 0x00000007c0000000, 0x00000007c0000000)
  eden space 816128K, 100% used [0x000000072ab00000,0x000000075c800000,0x000000075c800000)
  from space 815104K, 88% used [0x000000078e400000,0x00000007ba190948,0x00000007c0000000)
  to   space 815104K, 0% used [0x000000075c800000,0x000000075c800000,0x000000078e400000)
 ParOldGen       total 3040256K, used 2869151K [0x0000000600000000, 0x00000006b9900000, 0x000000072ab00000)
  object space 3040256K, 94% used [0x0000000600000000,0x00000006af1e7f30,0x00000006b9900000)
 Metaspace       used 6513K, capacity 6734K, committed 7040K, reserved 1056768K
  class space    used 698K, capacity 773K, committed 896K, reserved 1048576K
Event: 119.713 GC heap after
Heap after GC invocations=168 (full 9):
 PSYoungGen      total 1631232K, used 677329K [0x000000072ab00000, 0x00000007c0000000, 0x00000007c0000000)
  eden space 816128K, 0% used [0x000000072ab00000,0x000000072ab00000,0x000000075c800000)
  from space 815104K, 83% used [0x000000075c800000,0x0000000785d746d0,0x000000078e400000)
  to   space 815104K, 0% used [0x000000078e400000,0x000000078e400000,0x00000007c0000000)
 ParOldGen       total 3040256K, used 2976790K [0x0000000600000000, 0x00000006b9900000, 0x000000072ab00000)
  object space 3040256K, 97% used [0x0000000600000000,0x00000006b5b05b20,0x00000006b9900000)
 Metaspace       used 6513K, capacity 6734K, committed 7040K, reserved 1056768K
  class space    used 698K, capacity 773K, committed 896K, reserved 1048576K
}
Event: 119.713 GC heap before
{Heap before GC invocations=169 (full 10):
 PSYoungGen      total 1631232K, used 677329K [0x000000072ab00000, 0x00000007c0000000, 0x00000007c0000000)
  eden space 816128K, 0% used [0x000000072ab00000,0x000000072ab00000,0x000000075c800000)
  from space 815104K, 83% used [0x000000075c800000,0x0000000785d746d0,0x000000078e400000)
  to   space 815104K, 0% used [0x000000078e400000,0x000000078e400000,0x00000007c0000000)
 ParOldGen       total 3040256K, used 2976790K [0x0000000600000000, 0x00000006b9900000, 0x000000072ab00000)
  object space 3040256K, 97% used [0x0000000600000000,0x00000006b5b05b20,0x00000006b9900000)
 Metaspace       used 6513K, capacity 6734K, committed 7040K, reserved 1056768K
  class space    used 698K, capacity 773K, committed 896K, reserved 1048576K

